<?xml version="1.0" encoding="UTF-8"?>
<!-- Generated by org.testng.reporters.JUnitReportReporter -->
<testsuite hostname="OP-SYSTEM-180-10" name="storm.starter.tools.NthLastModifiedTimeTrackerTest" tests="39" failures="0" timestamp="30 Sep 2015 11:37:01 GMT" time="0.101" errors="0">
  <testcase name="negativeOrZeroNumTimesToTrackShouldThrowIAE" time="0.001" classname="storm.starter.tools.NthLastModifiedTimeTrackerTest"/>
  <testcase name="shouldReturnCorrectModifiedTimeEvenWhenNotYetMarkedAsModified" time="0.001" classname="storm.starter.tools.NthLastModifiedTimeTrackerTest"/>
  <testcase name="shouldReturnCorrectModifiedTimeWhenMarkedAsModified" time="0.001" classname="storm.starter.tools.NthLastModifiedTimeTrackerTest"/>
  <testcase name="shouldReturnCorrectModifiedTimeEvenWhenNotYetMarkedAsModified" time="0.000" classname="storm.starter.tools.NthLastModifiedTimeTrackerTest"/>
  <testcase name="shouldReturnCorrectModifiedTimeWhenMarkedAsModified" time="0.008" classname="storm.starter.tools.NthLastModifiedTimeTrackerTest"/>
  <testcase name="shouldReturnCorrectModifiedTimeWhenMarkedAsModified" time="0.000" classname="storm.starter.tools.NthLastModifiedTimeTrackerTest"/>
  <testcase name="negativeOrZeroNumTimesToTrackShouldThrowIAE" time="0.001" classname="storm.starter.tools.NthLastModifiedTimeTrackerTest"/>
  <testcase name="shouldReturnCorrectModifiedTimeWhenMarkedAsModified" time="0.001" classname="storm.starter.tools.NthLastModifiedTimeTrackerTest"/>
  <testcase name="shouldReturnCorrectModifiedTimeWhenMarkedAsModified" time="0.002" classname="storm.starter.tools.NthLastModifiedTimeTrackerTest"/>
  <testcase name="shouldReturnCorrectModifiedTimeWhenMarkedAsModified" time="0.001" classname="storm.starter.tools.NthLastModifiedTimeTrackerTest"/>
  <testcase name="shouldReturnCorrectModifiedTimeWhenMarkedAsModified" time="0.000" classname="storm.starter.tools.NthLastModifiedTimeTrackerTest"/>
  <testcase name="shouldReturnCorrectModifiedTimeWhenMarkedAsModified" time="0.000" classname="storm.starter.tools.NthLastModifiedTimeTrackerTest"/>
  <testcase name="shouldReturnCorrectModifiedTimeWhenMarkedAsModified" time="0.001" classname="storm.starter.tools.NthLastModifiedTimeTrackerTest"/>
  <testcase name="shouldReturnCorrectModifiedTimeWhenMarkedAsModified" time="0.000" classname="storm.starter.tools.NthLastModifiedTimeTrackerTest"/>
  <testcase name="shouldReturnCorrectModifiedTimeEvenWhenNotYetMarkedAsModified" time="0.027" classname="storm.starter.tools.NthLastModifiedTimeTrackerTest"/>
  <testcase name="shouldReturnCorrectModifiedTimeWhenMarkedAsModified" time="0.000" classname="storm.starter.tools.NthLastModifiedTimeTrackerTest"/>
  <testcase name="shouldReturnCorrectModifiedTimeWhenMarkedAsModified" time="0.005" classname="storm.starter.tools.NthLastModifiedTimeTrackerTest"/>
  <testcase name="negativeOrZeroNumTimesToTrackShouldThrowIAE" time="0.001" classname="storm.starter.tools.NthLastModifiedTimeTrackerTest"/>
  <testcase name="shouldReturnCorrectModifiedTimeWhenMarkedAsModified" time="0.002" classname="storm.starter.tools.NthLastModifiedTimeTrackerTest"/>
  <testcase name="shouldReturnCorrectModifiedTimeEvenWhenNotYetMarkedAsModified" time="0.000" classname="storm.starter.tools.NthLastModifiedTimeTrackerTest"/>
  <testcase name="positiveNumTimesToTrackShouldBeOk" time="0.013" classname="storm.starter.tools.NthLastModifiedTimeTrackerTest"/>
  <testcase name="shouldReturnCorrectModifiedTimeEvenWhenNotYetMarkedAsModified" time="0.003" classname="storm.starter.tools.NthLastModifiedTimeTrackerTest"/>
  <testcase name="shouldReturnCorrectModifiedTimeEvenWhenNotYetMarkedAsModified" time="0.000" classname="storm.starter.tools.NthLastModifiedTimeTrackerTest"/>
  <testcase name="shouldReturnCorrectModifiedTimeWhenMarkedAsModified" time="0.000" classname="storm.starter.tools.NthLastModifiedTimeTrackerTest"/>
  <testcase name="shouldReturnCorrectModifiedTimeWhenMarkedAsModified" time="0.001" classname="storm.starter.tools.NthLastModifiedTimeTrackerTest"/>
  <testcase name="shouldReturnCorrectModifiedTimeWhenMarkedAsModified" time="0.004" classname="storm.starter.tools.NthLastModifiedTimeTrackerTest"/>
  <testcase name="shouldReturnCorrectModifiedTimeEvenWhenNotYetMarkedAsModified" time="0.000" classname="storm.starter.tools.NthLastModifiedTimeTrackerTest"/>
  <testcase name="negativeOrZeroNumTimesToTrackShouldThrowIAE" time="0.001" classname="storm.starter.tools.NthLastModifiedTimeTrackerTest"/>
  <testcase name="shouldReturnCorrectModifiedTimeWhenMarkedAsModified" time="0.001" classname="storm.starter.tools.NthLastModifiedTimeTrackerTest"/>
  <testcase name="shouldReturnCorrectModifiedTimeWhenMarkedAsModified" time="0.001" classname="storm.starter.tools.NthLastModifiedTimeTrackerTest"/>
  <testcase name="shouldReturnCorrectModifiedTimeWhenMarkedAsModified" time="0.000" classname="storm.starter.tools.NthLastModifiedTimeTrackerTest"/>
  <testcase name="shouldReturnCorrectModifiedTimeWhenMarkedAsModified" time="0.001" classname="storm.starter.tools.NthLastModifiedTimeTrackerTest"/>
  <testcase name="positiveNumTimesToTrackShouldBeOk" time="0.004" classname="storm.starter.tools.NthLastModifiedTimeTrackerTest"/>
  <testcase name="negativeOrZeroNumTimesToTrackShouldThrowIAE" time="0.000" classname="storm.starter.tools.NthLastModifiedTimeTrackerTest"/>
  <testcase name="shouldReturnCorrectModifiedTimeEvenWhenNotYetMarkedAsModified" time="0.002" classname="storm.starter.tools.NthLastModifiedTimeTrackerTest"/>
  <testcase name="positiveNumTimesToTrackShouldBeOk" time="0.001" classname="storm.starter.tools.NthLastModifiedTimeTrackerTest"/>
  <testcase name="shouldReturnCorrectModifiedTimeWhenMarkedAsModified" time="0.001" classname="storm.starter.tools.NthLastModifiedTimeTrackerTest"/>
  <testcase name="shouldReturnCorrectModifiedTimeWhenMarkedAsModified" time="0.015" classname="storm.starter.tools.NthLastModifiedTimeTrackerTest"/>
  <testcase name="positiveNumTimesToTrackShouldBeOk" time="0.001" classname="storm.starter.tools.NthLastModifiedTimeTrackerTest"/>
</testsuite> <!-- storm.starter.tools.NthLastModifiedTimeTrackerTest -->
